  glad.c
  GLSL.cpp
  main.cpp
C:\Users\garre\Desktop\CSC 476\Lab1REAL\src\main.cpp(36,10): warning C4244: 'initializing': conversion from 'double' to 'float', possible loss of data
C:\Users\garre\Desktop\CSC 476\Lab1REAL\src\main.cpp(90,14): warning C4244: 'initializing': conversion from 'double' to 'int', possible loss of data
C:\Users\garre\Desktop\CSC 476\Lab1REAL\src\main.cpp(99,20): warning C4244: 'argument': conversion from 'double' to 'unsigned int', possible loss of data
C:\Users\garre\Desktop\CSC 476\Lab1REAL\src\main.cpp(141,14): warning C4244: '=': conversion from 'double' to 'float', possible loss of data
C:\Users\garre\Desktop\CSC 476\Lab1REAL\src\main.cpp(145,15): warning C4244: '=': conversion from 'double' to 'float', possible loss of data
C:\Users\garre\Desktop\CSC 476\Lab1REAL\src\main.cpp(302,1): warning C4305: 'initializing': truncation from 'double' to 'float'
C:\Users\garre\Desktop\CSC 476\Lab1REAL\src\main.cpp(499,12): warning C4244: '+=': conversion from 'double' to 'float', possible loss of data
C:\Users\garre\Desktop\CSC 476\Lab1REAL\src\main.cpp(502,1): warning C4305: 'initializing': truncation from 'double' to 'float'
  MatrixStack.cpp
  Program.cpp
  Shape.cpp
C:\Users\garre\Desktop\CSC 476\Lab1REAL\src\Shape.cpp(33,28): warning C4267: '=': conversion from 'size_t' to 'int', possible loss of data
C:\Users\garre\Desktop\CSC 476\Lab1REAL\src\Shape.cpp(71,37): warning C4267: 'initializing': conversion from 'size_t' to 'int', possible loss of data
  WindowManager.cpp
  Generating Code...
LINK : warning LNK4098: defaultlib 'MSVCRT' conflicts with use of other libs; use /NODEFAULTLIB:library
  lab terrain.vcxproj -> C:\Users\garre\Desktop\CSC 476\Lab1REAL\x64\Debug\lab terrain.exe
